Arguments: 
  C:\Program Files\nodejs\node.exe C:\Users\metadel.lemma\AppData\Roaming\npm\node_modules\yarn\bin\yarn.js install

PATH: 
  C:\Users\metadel.lemma\bin;C:\Users\metadel.lemma\AppData\Local\Programs\Git\mingw64\bin;C:\Users\metadel.lemma\AppData\Local\Programs\Git\usr\local\bin;C:\Users\metadel.lemma\AppData\Local\Programs\Git\usr\bin;C:\Users\metadel.lemma\AppData\Local\Programs\Git\usr\bin;C:\Users\metadel.lemma\AppData\Local\Programs\Git\mingw64\bin;C:\Users\metadel.lemma\AppData\Local\Programs\Git\usr\bin;C:\Users\metadel.lemma\bin;C:\Program Files (x86)\Microsoft SDKs\Azure\CLI2\wbin;C:\Program Files\Common Files\Oracle\Java\javapath;C:\WINDOWS\system32;C:\WINDOWS;C:\WINDOWS\System32\Wbem;C:\WINDOWS\System32\WindowsPowerShell\v1.0;C:\WINDOWS\System32\OpenSSH;C:\Program Files\Amazon\AWSCLI\bin;C:\Users\metadel.lemma\AppData\Local\Programs\Python\Python39\Scripts;C:\Program Files\Docker\Docker\resources\bin;C:\ProgramData\DockerDesktop\version-bin;C:\Program Files\nodejs;C:\Users\metadel.lemma\AppData\Local\Microsoft\WindowsApps;C:\Users\metadel.lemma\AppData\Local\Programs\Git\cmd;C:\Program Files\Java\jdk-15.0.1\bin;C:\Users\metadel.lemma\AppData\Local\Programs\Microsoft VS Code\bin;C:\devSetup\apache-maven-3.8.3\bin;C:\Users\metadel.lemma\AppData\Roaming\npm;C:\Users\metadel.lemma\AppData\Local\Programs\Git\usr\bin\vendor_perl;C:\Users\metadel.lemma\AppData\Local\Programs\Git\usr\bin\core_perl

Yarn version: 
  1.22.19

Node version: 
  16.13.0

Platform: 
  win32 x64

Trace: 
  Error: getaddrinfo ENOTFOUND registry.yarnpkg.com
      at GetAddrInfoReqWrap.onlookup [as oncomplete] (node:dns:71:26)

npm manifest: 
  {
    "name": "cdk-ts-app",
    "version": "0.1.0",
    "bin": {
      "cdk-ts-app": "bin/cdk-ts-app.js"
    },
    "types": "dist",
    "scripts": {
      "clean": "rm -rf jest.config.*.ts *.log *-lock.* *.lock node_modules bin/*.d.ts bin/*.js lib/*.d.ts lib/*.js lib/test/*.d.ts lib/test/*.js cdk.out build && npm cache clean --force && yarn",
      "build": "tsc",
      "watch": "tsc -w",
      "test": "jest",
      "cdk": "cdk synth",
      "type-check": "tsc --project tsconfig.json --pretty --noEmit",
      "lint": "eslint . --ext js,jsx,ts,tsx --fix"
    },
    "dependencies": {
      "aws-cdk-lib": "^2.20.0",
      "constructs": "^10.0.112",
      "source-map-support": "^0.5.21"
    },
    "devDependencies": {
      "@aws-cdk/assert": "^2.3.0",
      "@types/jest": "^27.4.1",
      "@types/node": "^17.0.23",
      "@typescript-eslint/eslint-plugin": "^5.19.0",
      "@typescript-eslint/parser": "^5.19.0",
      "aws-cdk": "^2.20.0",
      "aws-lambda": "^1.0.7",
      "esbuild": "^0.14.36",
      "eslint-config-airbnb-base": "^15.0.0",
      "eslint-config-prettier": "^8.5.0",
      "eslint-import-resolver-typescript": "^2.7.1",
      "eslint-plugin-import": "^2.26.0",
      "eslint-plugin-jest": "^26.1.4",
      "eslint-plugin-prettier": "^4.0.0",
      "jest": "^27.5.1",
      "prettier": "^2.6.2",
      "ts-jest": "^27.1.4",
      "ts-node": "^10.7.0",
      "typescript": "^4.6.3"
    }
  }

yarn manifest: 
  No manifest

Lockfile: 
  No lockfile
